[debug] [2021-02-28T16:45:08.381Z] ----------------------------------------------------------------------
[debug] [2021-02-28T16:45:08.386Z] Command:       C:\Program Files\nodejs\node.exe C:\Users\DELL\AppData\Roaming\npm\node_modules\firebase-tools\lib\bin\firebase.js init
[debug] [2021-02-28T16:45:08.387Z] CLI Version:   9.5.0
[debug] [2021-02-28T16:45:08.387Z] Platform:      win32
[debug] [2021-02-28T16:45:08.388Z] Node Version:  v14.15.4
[debug] [2021-02-28T16:45:08.390Z] Time:          Sun Feb 28 2021 22:15:08 GMT+0530 (India Standard Time)
[debug] [2021-02-28T16:45:08.391Z] ----------------------------------------------------------------------
[debug] [2021-02-28T16:45:08.391Z] 
[debug] [2021-02-28T16:45:08.408Z] > command requires scopes: ["email","openid","https://www.googleapis.com/auth/cloudplatformprojects.readonly","https://www.googleapis.com/auth/firebase","https://www.googleapis.com/auth/cloud-platform"]
[debug] [2021-02-28T16:45:08.409Z] > authorizing via signed-in user
[info] 
     ######## #### ########  ######## ########     ###     ######  ########
     ##        ##  ##     ## ##       ##     ##  ##   ##  ##       ##
     ######    ##  ########  ######   ########  #########  ######  ######
     ##        ##  ##    ##  ##       ##     ## ##     ##       ## ##
     ##       #### ##     ## ######## ########  ##     ##  ######  ########

You're about to initialize a Firebase project in this directory:

  F:\HarishWork\Workspace\react-JS\netflix-clone

[info] 
=== Project Setup
[info] 
[info] First, let's associate this project directory with a Firebase project.
[info] You can create multiple project aliases by running firebase use --add, 
[info] but for now we'll just set up a default project.
[info] 
[debug] [2021-02-28T16:45:23.146Z] >>> [apiv2][query] GET https://firebase.googleapis.com/v1beta1/projects pageSize=100
[debug] [2021-02-28T16:45:23.757Z] <<< [apiv2][status] GET https://firebase.googleapis.com/v1beta1/projects 200
[debug] [2021-02-28T16:45:23.758Z] <<< [apiv2][body] GET https://firebase.googleapis.com/v1beta1/projects [omitted]
[info] i  Using project netflix-clone-26f18 (netflix-clone) 
[info] 
=== Hosting Setup
[info] 
[info] Your public directory is the folder (relative to your project directory) that
[info] will contain Hosting assets to be uploaded with firebase deploy. If you
[info] have a build process for your assets, use your build's output directory.
[info] 
